Reading maps
Processing maps
Graph has 495907 nodes, 17 focal nodes and 1 components.
Solving focal pair 1 of 136
Solving focal pair 2 of 136
Solving focal pair 3 of 136
Solving focal pair 4 of 136
Solving focal pair 5 of 136
Solving focal pair 6 of 136
Solving focal pair 7 of 136
Solving focal pair 8 of 136
Solving focal pair 9 of 136
Solving focal pair 10 of 136
Solving focal pair 11 of 136
Solving focal pair 12 of 136
Solving focal pair 13 of 136
Solving focal pair 14 of 136
Solving focal pair 15 of 136
Solving focal pair 16 of 136
Solving focal pair 17 of 136
Solving focal pair 18 of 136
Solving focal pair 19 of 136
Solving focal pair 20 of 136
Solving focal pair 21 of 136
Solving focal pair 22 of 136
Solving focal pair 23 of 136
Solving focal pair 24 of 136
Solving focal pair 25 of 136
Solving focal pair 26 of 136
Solving focal pair 27 of 136
Solving focal pair 28 of 136
Solving focal pair 29 of 136
Solving focal pair 30 of 136
Solving focal pair 31 of 136
Solving focal pair 32 of 136
Solving focal pair 33 of 136
Solving focal pair 34 of 136
Solving focal pair 35 of 136
Solving focal pair 36 of 136
Solving focal pair 37 of 136
Solving focal pair 38 of 136
Solving focal pair 39 of 136
Solving focal pair 40 of 136
Solving focal pair 41 of 136
Solving focal pair 42 of 136
Solving focal pair 43 of 136
Solving focal pair 44 of 136
Solving focal pair 45 of 136
Solving focal pair 46 of 136
Solving focal pair 47 of 136
Solving focal pair 48 of 136
Solving focal pair 49 of 136
Solving focal pair 50 of 136
Solving focal pair 51 of 136
Solving focal pair 52 of 136
Solving focal pair 53 of 136
Solving focal pair 54 of 136
Solving focal pair 55 of 136
Solving focal pair 56 of 136
Solving focal pair 57 of 136
Solving focal pair 58 of 136
Solving focal pair 59 of 136
Solving focal pair 60 of 136
Solving focal pair 61 of 136
Solving focal pair 62 of 136
Solving focal pair 63 of 136
Solving focal pair 64 of 136
Solving focal pair 65 of 136
Solving focal pair 66 of 136
Solving focal pair 67 of 136
Solving focal pair 68 of 136
Solving focal pair 69 of 136
Solving focal pair 70 of 136
Solving focal pair 71 of 136
Solving focal pair 72 of 136
Solving focal pair 73 of 136
Solving focal pair 74 of 136
Solving focal pair 75 of 136
Solving focal pair 76 of 136
Solving focal pair 77 of 136
Solving focal pair 78 of 136
Solving focal pair 79 of 136
Solving focal pair 80 of 136
Solving focal pair 81 of 136
Solving focal pair 82 of 136
Solving focal pair 83 of 136
Solving focal pair 84 of 136
Solving focal pair 85 of 136
Solving focal pair 86 of 136
Solving focal pair 87 of 136
Solving focal pair 88 of 136
Solving focal pair 89 of 136
Solving focal pair 90 of 136
Solving focal pair 91 of 136
Solving focal pair 92 of 136
Solving focal pair 93 of 136
Solving focal pair 94 of 136
Solving focal pair 95 of 136
Solving focal pair 96 of 136
Solving focal pair 97 of 136
Solving focal pair 98 of 136
Solving focal pair 99 of 136
Solving focal pair 100 of 136
Solving focal pair 101 of 136
Solving focal pair 102 of 136
Solving focal pair 103 of 136
Solving focal pair 104 of 136
Solving focal pair 105 of 136
Solving focal pair 106 of 136
Solving focal pair 107 of 136
Solving focal pair 108 of 136
Solving focal pair 109 of 136
Solving focal pair 110 of 136
Solving focal pair 111 of 136
Solving focal pair 112 of 136
Solving focal pair 113 of 136
Solving focal pair 114 of 136
Solving focal pair 115 of 136
Solving focal pair 116 of 136
Solving focal pair 117 of 136
Solving focal pair 118 of 136
Solving focal pair 119 of 136
Solving focal pair 120 of 136
Solving focal pair 121 of 136
Solving focal pair 122 of 136
Solving focal pair 123 of 136
Solving focal pair 124 of 136
Solving focal pair 125 of 136
Solving focal pair 126 of 136
Solving focal pair 127 of 136
Solving focal pair 128 of 136
Solving focal pair 129 of 136
Solving focal pair 130 of 136
Solving focal pair 131 of 136
Solving focal pair 132 of 136
Solving focal pair 133 of 136
Solving focal pair 134 of 136
Solving focal pair 135 of 136
Solving focal pair 136 of 136
Job took 14 minutes 54 seconds to complete.
